
Attaching package: ‘dplyr’

The following objects are masked from ‘package:stats’:

    filter, lag

The following objects are masked from ‘package:base’:

    intersect, setdiff, setequal, union

[1] "2021-07-16"
[1] "2021-07-16"
[1] "2021-07-16"
[1] "2021-07-16"
[1] "2021-07-16"
[1] "2021-07-16"
[1] "2021-07-16"
[1] "2021-07-16"
[1] "2021-07-16"
[1] "2021-07-16"
[1] "2021-07-16"
Error in select(., region, provincia, comuna, codigo_comuna) : 
  object 'provincias_comunas' not found
Calls: %>% ... same_src.data.frame -> is.data.frame -> %>% -> select
Execution halted
[1] "2021-07-16"
Error in select(., region, provincia, comuna, codigo_comuna) : 
  object 'provincias_comunas' not found
Calls: %>% ... same_src.data.frame -> is.data.frame -> %>% -> select
Execution halted
[1] "2021-07-16"
Error in select(., region, provincia, comuna, codigo_comuna) : 
  object 'provincias_comunas' not found
Calls: %>% ... same_src.data.frame -> is.data.frame -> %>% -> select
Execution halted
[1] "2021-07-16"
Error in select(., region, provincia, comuna, codigo_comuna) : 
  object 'provincias_comunas' not found
Calls: %>% ... same_src.data.frame -> is.data.frame -> %>% -> select
Execution halted
[1] "2021-07-16"
Error in select(., region, provincia, comuna, codigo_comuna) : 
  object 'provincias_comunas' not found
Calls: %>% ... same_src.data.frame -> is.data.frame -> %>% -> select
Execution halted
[1] "2021-07-16"
Error in select(., region, provincia, comuna, codigo_comuna) : 
  object 'provincias_comunas' not found
Calls: %>% ... same_src.data.frame -> is.data.frame -> %>% -> select
Execution halted
[1] "2021-07-16"
Error in select(., region, provincia, comuna, codigo_comuna) : 
  object 'provincias_comunas' not found
Calls: %>% ... same_src.data.frame -> is.data.frame -> %>% -> select
Execution halted
[1] "2021-07-16"
Error in select(., region, provincia, comuna, codigo_comuna) : 
  object 'provincias_comunas' not found
Calls: %>% ... same_src.data.frame -> is.data.frame -> %>% -> select
Execution halted
[1] "2021-07-16"
Error in select(., region, provincia, comuna, codigo_comuna) : 
  object 'provincias_comunas' not found
Calls: %>% ... same_src.data.frame -> is.data.frame -> %>% -> select
Execution halted
[1] "2021-07-16"
Error in select(., region, provincia, comuna, codigo_comuna) : 
  object 'provincias_comunas' not found
Calls: %>% ... same_src.data.frame -> is.data.frame -> %>% -> select
Execution halted
[1] "2021-07-16"
Error in select(., region, provincia, comuna, codigo_comuna) : 
  object 'provincias_comunas' not found
Calls: %>% ... same_src.data.frame -> is.data.frame -> %>% -> select
Execution halted
[1] "2021-07-16"
Error in select(., region, provincia, comuna, codigo_comuna) : 
  object 'provincias_comunas' not found
Calls: %>% ... same_src.data.frame -> is.data.frame -> %>% -> select
Execution halted
[1] "2021-07-16"
Error in select(., region, provincia, comuna, codigo_comuna) : 
  object 'provincias_comunas' not found
Calls: %>% ... same_src.data.frame -> is.data.frame -> %>% -> select
Execution halted
[1] "2021-07-16"
Error in select(., region, provincia, comuna, codigo_comuna) : 
  object 'provincias_comunas' not found
Calls: %>% ... same_src.data.frame -> is.data.frame -> %>% -> select
Execution halted
[1] "2021-07-16"
Error in select(., region, provincia, comuna, codigo_comuna) : 
  object 'provincias_comunas' not found
Calls: %>% ... same_src.data.frame -> is.data.frame -> %>% -> select
Execution halted
[1] "2021-07-16"
Error in select(., region, provincia, comuna, codigo_comuna) : 
  object 'provincias_comunas' not found
Calls: %>% ... same_src.data.frame -> is.data.frame -> %>% -> select
Execution halted
[1] "2021-07-16"
Error in select(., region, provincia, comuna, codigo_comuna) : 
  object 'provincias_comunas' not found
Calls: %>% ... same_src.data.frame -> is.data.frame -> %>% -> select
Execution halted
[1] "2021-07-16"
Error in select(., region, provincia, comuna, codigo_comuna) : 
  object 'provincias_comunas' not found
Calls: %>% ... same_src.data.frame -> is.data.frame -> %>% -> select
Execution halted
[1] "2021-07-16"
Error in select(., region, provincia, comuna, codigo_comuna) : 
  object 'provincias_comunas' not found
Calls: %>% ... same_src.data.frame -> is.data.frame -> %>% -> select
Execution halted
[1] "2021-07-16"
Error in select(., region, provincia, comuna, codigo_comuna) : 
  object 'provincias_comunas' not found
Calls: %>% ... same_src.data.frame -> is.data.frame -> %>% -> select
Execution halted
Error in readChar(con, 5L, useBytes = TRUE) : cannot open the connection
Calls: load -> readChar
In addition: Warning message:
In readChar(con, 5L, useBytes = TRUE) :
  cannot open compressed file 'data/provincias_comunas.rdata', probable reason 'No such file or directory'
Execution halted
Error in readChar(con, 5L, useBytes = TRUE) : cannot open the connection
Calls: load -> readChar
In addition: Warning message:
In readChar(con, 5L, useBytes = TRUE) :
  cannot open compressed file 'data/provincias_comunas.rdata', probable reason 'No such file or directory'
Execution halted
Error in readChar(con, 5L, useBytes = TRUE) : cannot open the connection
Calls: load -> readChar
In addition: Warning message:
In readChar(con, 5L, useBytes = TRUE) :
  cannot open compressed file 'data/provincias_comunas.rdata', probable reason 'No such file or directory'
Execution halted
Error in readChar(con, 5L, useBytes = TRUE) : cannot open the connection
Calls: load -> readChar
In addition: Warning message:
In readChar(con, 5L, useBytes = TRUE) :
  cannot open compressed file 'data/provincias_comunas.rdata', probable reason 'No such file or directory'
Execution halted
Error in readChar(con, 5L, useBytes = TRUE) : cannot open the connection
Calls: load -> readChar
In addition: Warning message:
In readChar(con, 5L, useBytes = TRUE) :
  cannot open compressed file 'data/provincias_comunas.rdata', probable reason 'No such file or directory'
Execution halted
Error in readChar(con, 5L, useBytes = TRUE) : cannot open the connection
Calls: load -> readChar
In addition: Warning message:
In readChar(con, 5L, useBytes = TRUE) :
  cannot open compressed file 'data/provincias_comunas.rdata', probable reason 'No such file or directory'
Execution halted
Error in readChar(con, 5L, useBytes = TRUE) : cannot open the connection
Calls: load -> readChar
In addition: Warning message:
In readChar(con, 5L, useBytes = TRUE) :
  cannot open compressed file 'data/provincias_comunas.rdata', probable reason 'No such file or directory'
Execution halted
Error in readChar(con, 5L, useBytes = TRUE) : cannot open the connection
Calls: load -> readChar
In addition: Warning message:
In readChar(con, 5L, useBytes = TRUE) :
  cannot open compressed file 'data/provincias_comunas.rdata', probable reason 'No such file or directory'
Execution halted
Error in readChar(con, 5L, useBytes = TRUE) : cannot open the connection
Calls: load -> readChar
In addition: Warning message:
In readChar(con, 5L, useBytes = TRUE) :
  cannot open compressed file 'data/provincias_comunas.rdata', probable reason 'No such file or directory'
Execution halted
Error in readChar(con, 5L, useBytes = TRUE) : cannot open the connection
Calls: load -> readChar
In addition: Warning message:
In readChar(con, 5L, useBytes = TRUE) :
  cannot open compressed file 'data/provincias_comunas.rdata', probable reason 'No such file or directory'
Execution halted
Error in readChar(con, 5L, useBytes = TRUE) : cannot open the connection
Calls: load -> readChar
In addition: Warning message:
In readChar(con, 5L, useBytes = TRUE) :
  cannot open compressed file 'data/provincias_comunas.rdata', probable reason 'No such file or directory'
Execution halted
Error in readChar(con, 5L, useBytes = TRUE) : cannot open the connection
Calls: load -> readChar
In addition: Warning message:
In readChar(con, 5L, useBytes = TRUE) :
  cannot open compressed file 'data/provincias_comunas.rdata', probable reason 'No such file or directory'
Execution halted
Error in readChar(con, 5L, useBytes = TRUE) : cannot open the connection
Calls: load -> readChar
In addition: Warning message:
In readChar(con, 5L, useBytes = TRUE) :
  cannot open compressed file 'data/provincias_comunas.rdata', probable reason 'No such file or directory'
Execution halted
Error in readChar(con, 5L, useBytes = TRUE) : cannot open the connection
Calls: load -> readChar
In addition: Warning message:
In readChar(con, 5L, useBytes = TRUE) :
  cannot open compressed file 'data/provincias_comunas.rdata', probable reason 'No such file or directory'
Execution halted
Error in readChar(con, 5L, useBytes = TRUE) : cannot open the connection
Calls: load -> readChar
In addition: Warning message:
In readChar(con, 5L, useBytes = TRUE) :
  cannot open compressed file 'data/provincias_comunas.rdata', probable reason 'No such file or directory'
Execution halted
Error in readChar(con, 5L, useBytes = TRUE) : cannot open the connection
Calls: load -> readChar
In addition: Warning message:
In readChar(con, 5L, useBytes = TRUE) :
  cannot open compressed file 'data/provincias_comunas.rdata', probable reason 'No such file or directory'
Execution halted
Error in readChar(con, 5L, useBytes = TRUE) : cannot open the connection
Calls: load -> readChar
In addition: Warning message:
In readChar(con, 5L, useBytes = TRUE) :
  cannot open compressed file 'data/provincias_comunas.rdata', probable reason 'No such file or directory'
Execution halted
Error in readChar(con, 5L, useBytes = TRUE) : cannot open the connection
Calls: load -> readChar
In addition: Warning message:
In readChar(con, 5L, useBytes = TRUE) :
  cannot open compressed file 'data/provincias_comunas.rdata', probable reason 'No such file or directory'
Execution halted
Error in readChar(con, 5L, useBytes = TRUE) : cannot open the connection
Calls: load -> readChar
In addition: Warning message:
In readChar(con, 5L, useBytes = TRUE) :
  cannot open compressed file 'data/provincias_comunas.rdata', probable reason 'No such file or directory'
Execution halted
Error in readChar(con, 5L, useBytes = TRUE) : cannot open the connection
Calls: load -> readChar
In addition: Warning message:
In readChar(con, 5L, useBytes = TRUE) :
  cannot open compressed file 'data/provincias_comunas.rdata', probable reason 'No such file or directory'
Execution halted
[1] "2021-07-19"
[1] "2021-07-22"
[1] "2021-07-19"
[1] "2021-07-22"
Importar datos covid, ejecutando el 2021-07-22 16:03:02
Fecha max activos 2021-07-19
Fecha max cuarentenas 2021-07-22
Importar datos covid, ejecutando el 2021-07-22 17:03:02
Fecha max activos 2021-07-19
Fecha max cuarentenas 2021-07-22
Importar datos covid, ejecutando el 2021-07-22 18:03:02
Fecha max activos 2021-07-19
Fecha max cuarentenas 2021-07-22
Importar datos covid, ejecutando el 2021-07-22 19:03:02
Fecha max activos 2021-07-19
Fecha max cuarentenas 2021-07-22
Importar datos covid, ejecutando el 2021-07-22 20:03:01
Fecha max activos 2021-07-19
Fecha max cuarentenas 2021-07-22
Importar datos covid, ejecutando el 2021-07-22 21:03:02
Fecha max activos 2021-07-19
Fecha max cuarentenas 2021-07-22
Importar datos covid, ejecutando el 2021-07-22 22:03:02
Fecha max activos 2021-07-19
Fecha max cuarentenas 2021-07-22
Importar datos covid, ejecutando el 2021-07-22 23:03:02
Fecha max activos 2021-07-19
Fecha max cuarentenas 2021-07-22
Importar datos covid, ejecutando el 2021-07-23 00:03:02
Fecha max activos 2021-07-19
Fecha max cuarentenas 2021-07-22
Importar datos covid, ejecutando el 2021-07-23 01:03:01
Fecha max activos 2021-07-19
Fecha max cuarentenas 2021-07-22
Importar datos covid, ejecutando el 2021-07-23 02:03:02
Fecha max activos 2021-07-19
Fecha max cuarentenas 2021-07-22
Importar datos covid, ejecutando el 2021-07-23 03:03:02
Fecha max activos 2021-07-19
Fecha max cuarentenas 2021-07-22
Importar datos covid, ejecutando el 2021-07-23 04:03:01
Fecha max activos 2021-07-19
Fecha max cuarentenas 2021-07-22
Importar datos covid, ejecutando el 2021-07-23 05:03:02
Fecha max activos 2021-07-19
Fecha max cuarentenas 2021-07-22
Importar datos covid, ejecutando el 2021-07-23 06:03:02
Fecha max activos 2021-07-19
Fecha max cuarentenas 2021-07-22
Importar datos covid, ejecutando el 2021-07-23 07:03:02
Fecha max activos 2021-07-19
Fecha max cuarentenas 2021-07-22
Importar datos covid, ejecutando el 2021-07-23 08:03:02
Fecha max activos 2021-07-19
Fecha max cuarentenas 2021-07-22
Importar datos covid, ejecutando el 2021-07-23 09:03:02
Fecha max activos 2021-07-19
Fecha max cuarentenas 2021-07-22
Importar datos covid, ejecutando el 2021-07-23 10:03:02
Fecha max activos 2021-07-19
Fecha max cuarentenas 2021-07-22
Importar datos covid, ejecutando el 2021-07-23 11:03:02
Fecha max activos 2021-07-19
Fecha max cuarentenas 2021-07-22
